2014-08-28 01:19:18,206 - com.messaging.processor.DataCompressionHelper - INFO - Before decompression 888
2014-08-28 01:19:18,207 - com.messaging.processor.DataCompressionHelper - INFO - After decompression 5632
2014-08-28 01:19:18,287 - com.messaging.processor.ChatMessageProcessor - INFO - 5632
2014-08-28 01:19:18,453 - com.messaging.processor.ChatMessageProcessor - INFO - Sent Chat back on queue ruby and exchange chatExchg binding ruby
2014-08-28 01:19:18,459 - com.messaging.util.ConversationHistoryHelper - INFO - to : Ruby from : nitin
2014-08-28 01:19:18,459 - com.messaging.util.ConversationHistoryHelper - INFO - Returning conv history filename : nitinruby
2014-08-28 01:19:18,544 - com.messaging.core.Dispatcher - INFO - RECEIVED : Payload [callName=GetConversationHistory, msgType=Text, isMedia=false, message=[], timeStamp=2014-08-28 01:19:03.484, toUser=Ruby, fromUser=nitin, mediaFileName=]
2014-08-28 01:19:18,545 - com.messaging.processor.GetConversationHistoryProcesor - INFO - Getting conversation history for users : nitin and Ruby
2014-08-28 01:19:18,545 - com.messaging.util.ConversationHistoryHelper - INFO - to : Ruby from : nitin
2014-08-28 01:19:18,545 - com.messaging.util.ConversationHistoryHelper - INFO - Returning conv history filename : nitinruby
2014-08-28 01:19:18,722 - com.messaging.util.ConversationHistoryHelper - INFO - returning history 69
2014-08-28 01:19:18,723 - com.messaging.processor.GetConversationHistoryProcesor - INFO - chat buff ruby:my first message &nitin:got it&ruby:second one&ruby:something fishy&nitin:i know&ruby:hello&nitin:something wrong &ruby:what's wrong &ruby:gcxhj&ruby:TXT_20140812_223639_.txt&ruby:TXT_20140812_224316_.txt&ruby:helllo&nitin:hosannaa&ruby:TXT_20140812_225056_.txt&ruby:hupppp&nitin:derrrr&ruby:TXT_20140812_225204_.txt&ruby:hey nitin &nitin:TXT_20140813_115744_.txt&ruby:TXT_20140813_115805_.txt&nitin:TXT_20140813_120353_.txt&nitin:TXT_20140813_145003_.txt&nitin:TXT_20140813_145026_.txt&ruby:TXT_20140813_145059_.txt&nitin:hi&nitin:gm&ruby:hey nitin &ruby:kafi time baad &ruby:cool&nitin:1.docx&ruby:hi nitin &nitin:1.docx&nitin:hi&ruby:hey&nitin:wait&ruby:wasup?&nitin:1.docx&nitin:hey&ruby:yea&ruby:say&nitin:wgst&ruby:hain!?&nitin:what&nitin:aah&nitin:chuck &ruby:hmm&nitin:see this &nitin:DOCX_20140827_114552_.docx&ruby:thank you &nitin:why&ruby:yoin&nitin:hnm&nitin:ok&ruby::-)&nitin::-*&ruby:let's see if it will work now&nitin:yeaa&nitin:hege&ruby:hey again&nitin:yea&ruby:fh&nitin:ttd&nitin:hi&ruby:hey&ruby:wah&nitin:XLS_20140828_010802_.xls&nitin:hi&ruby:Han ji&nitin:XLS_20140828_011827_.xls&
2014-08-28 01:19:18,795 - com.messaging.processor.GetConversationHistoryProcesor - INFO - Sent Chat back on queue nitin and exchange chatExchg binding nitin
2014-08-28 01:22:53,320 - com.messaging.core.Dispatcher - INFO - RECEIVED : Payload [callName=GetConversationHistory, msgType=Text, isMedia=false, message=[], timeStamp=2014-08-28 01:22:50.507, toUser=Nitin, fromUser=ruby, mediaFileName=]
2014-08-28 01:22:53,321 - com.messaging.processor.GetConversationHistoryProcesor - INFO - Getting conversation history for users : ruby and Nitin
2014-08-28 01:22:53,321 - com.messaging.util.ConversationHistoryHelper - INFO - to : Nitin from : ruby
2014-08-28 01:22:53,321 - com.messaging.util.ConversationHistoryHelper - INFO - Returning conv history filename : nitinruby
2014-08-28 01:22:54,157 - com.messaging.util.ConversationHistoryHelper - INFO - returning history 69
2014-08-28 01:22:54,158 - com.messaging.processor.GetConversationHistoryProcesor - INFO - chat buff ruby:my first message &nitin:got it&ruby:second one&ruby:something fishy&nitin:i know&ruby:hello&nitin:something wrong &ruby:what's wrong &ruby:gcxhj&ruby:TXT_20140812_223639_.txt&ruby:TXT_20140812_224316_.txt&ruby:helllo&nitin:hosannaa&ruby:TXT_20140812_225056_.txt&ruby:hupppp&nitin:derrrr&ruby:TXT_20140812_225204_.txt&ruby:hey nitin &nitin:TXT_20140813_115744_.txt&ruby:TXT_20140813_115805_.txt&nitin:TXT_20140813_120353_.txt&nitin:TXT_20140813_145003_.txt&nitin:TXT_20140813_145026_.txt&ruby:TXT_20140813_145059_.txt&nitin:hi&nitin:gm&ruby:hey nitin &ruby:kafi time baad &ruby:cool&nitin:1.docx&ruby:hi nitin &nitin:1.docx&nitin:hi&ruby:hey&nitin:wait&ruby:wasup?&nitin:1.docx&nitin:hey&ruby:yea&ruby:say&nitin:wgst&ruby:hain!?&nitin:what&nitin:aah&nitin:chuck &ruby:hmm&nitin:see this &nitin:DOCX_20140827_114552_.docx&ruby:thank you &nitin:why&ruby:yoin&nitin:hnm&nitin:ok&ruby::-)&nitin::-*&ruby:let's see if it will work now&nitin:yeaa&nitin:hege&ruby:hey again&nitin:yea&ruby:fh&nitin:ttd&nitin:hi&ruby:hey&ruby:wah&nitin:XLS_20140828_010802_.xls&nitin:hi&ruby:Han ji&nitin:XLS_20140828_011827_.xls&
2014-08-28 01:22:54,188 - com.messaging.processor.GetConversationHistoryProcesor - INFO - Sent Chat back on queue ruby and exchange chatExchg binding ruby
2014-08-28 01:22:59,224 - com.messaging.core.Dispatcher - INFO - RECEIVED : Payload [callName=Chat, msgType=Text, isMedia=false, message=[104, 101, 121, 32, 97, 103, 97, 105, 110, 32], timeStamp=2014-08-28 01:22:56.979, toUser=Nitin, fromUser=ruby, mediaFileName=]
2014-08-28 01:22:59,706 - com.messaging.processor.ChatMessageProcessor - INFO - Sent Chat back on queue nitin and exchange chatExchg binding nitin
2014-08-28 01:22:59,708 - com.messaging.util.ConversationHistoryHelper - INFO - to : Nitin from : ruby
2014-08-28 01:23:00,270 - com.messaging.util.ConversationHistoryHelper - INFO - Returning conv history filename : nitinruby
2014-08-28 01:23:02,564 - com.messaging.core.Dispatcher - INFO - RECEIVED : Payload [callName=GetConversationHistory, msgType=Text, isMedia=false, message=[], timeStamp=2014-08-28 01:22:45.97, toUser=Ruby, fromUser=nitin, mediaFileName=]
2014-08-28 01:23:02,565 - com.messaging.processor.GetConversationHistoryProcesor - INFO - Getting conversation history for users : nitin and Ruby
2014-08-28 01:23:02,565 - com.messaging.util.ConversationHistoryHelper - INFO - to : Ruby from : nitin
2014-08-28 01:23:02,565 - com.messaging.util.ConversationHistoryHelper - INFO - Returning conv history filename : nitinruby
2014-08-28 01:23:02,583 - com.messaging.util.ConversationHistoryHelper - INFO - returning history 70
2014-08-28 01:23:02,583 - com.messaging.processor.GetConversationHistoryProcesor - INFO - chat buff ruby:my first message &nitin:got it&ruby:second one&ruby:something fishy&nitin:i know&ruby:hello&nitin:something wrong &ruby:what's wrong &ruby:gcxhj&ruby:TXT_20140812_223639_.txt&ruby:TXT_20140812_224316_.txt&ruby:helllo&nitin:hosannaa&ruby:TXT_20140812_225056_.txt&ruby:hupppp&nitin:derrrr&ruby:TXT_20140812_225204_.txt&ruby:hey nitin &nitin:TXT_20140813_115744_.txt&ruby:TXT_20140813_115805_.txt&nitin:TXT_20140813_120353_.txt&nitin:TXT_20140813_145003_.txt&nitin:TXT_20140813_145026_.txt&ruby:TXT_20140813_145059_.txt&nitin:hi&nitin:gm&ruby:hey nitin &ruby:kafi time baad &ruby:cool&nitin:1.docx&ruby:hi nitin &nitin:1.docx&nitin:hi&ruby:hey&nitin:wait&ruby:wasup?&nitin:1.docx&nitin:hey&ruby:yea&ruby:say&nitin:wgst&ruby:hain!?&nitin:what&nitin:aah&nitin:chuck &ruby:hmm&nitin:see this &nitin:DOCX_20140827_114552_.docx&ruby:thank you &nitin:why&ruby:yoin&nitin:hnm&nitin:ok&ruby::-)&nitin::-*&ruby:let's see if it will work now&nitin:yeaa&nitin:hege&ruby:hey again&nitin:yea&ruby:fh&nitin:ttd&nitin:hi&ruby:hey&ruby:wah&nitin:XLS_20140828_010802_.xls&nitin:hi&ruby:Han ji&nitin:XLS_20140828_011827_.xls&ruby:hey again &
2014-08-28 01:23:02,620 - com.messaging.processor.GetConversationHistoryProcesor - INFO - Sent Chat back on queue nitin and exchange chatExchg binding nitin
2014-08-28 01:23:04,861 - com.messaging.core.Dispatcher - INFO - RECEIVED : Payload [callName=Chat, msgType=Text, isMedia=false, message=[104, 101, 121, 32, 97, 103, 97, 105, 110, 32], timeStamp=2014-08-28 01:23:02.629, toUser=Nitin, fromUser=ruby, mediaFileName=]
2014-08-28 01:23:04,887 - com.messaging.processor.ChatMessageProcessor - INFO - Sent Chat back on queue nitin and exchange chatExchg binding nitin
2014-08-28 01:23:04,889 - com.messaging.util.ConversationHistoryHelper - INFO - to : Nitin from : ruby
2014-08-28 01:23:04,890 - com.messaging.util.ConversationHistoryHelper - INFO - Returning conv history filename : nitinruby
2014-08-28 01:23:06,228 - com.messaging.core.Dispatcher - INFO - RECEIVED : Payload [callName=Chat, msgType=Text, isMedia=false, message=[104, 105], timeStamp=2014-08-28 01:22:52.236, toUser=Ruby, fromUser=nitin, mediaFileName=]
2014-08-28 01:23:06,250 - com.messaging.processor.ChatMessageProcessor - INFO - Sent Chat back on queue ruby and exchange chatExchg binding ruby
2014-08-28 01:23:06,257 - com.messaging.util.ConversationHistoryHelper - INFO - to : Ruby from : nitin
2014-08-28 01:23:06,258 - com.messaging.util.ConversationHistoryHelper - INFO - Returning conv history filename : nitinruby
2014-08-28 01:24:10,356 - com.messaging.core.Dispatcher - INFO - RECEIVED : Payload [callName=Chat, msgType=Contract, isMedia=true, message=[120, -100, -19, 88, 75, 79, 19, 81, 20, -2, 102, 104, -95, 8, -14, 18, 81, 80, -95, 82, 68, 10, 5, 49, -59, -60, 72, -64, 106, -30, 31, -64, -123, -88, 24, -44, -40, 70, -29, 3, 67, 72, -116, 43, 103, -29, 78, 19, -93, 9, -55, 36, 110, -4, 3, 62, 54, -70, 49, 6, 119, 46, -102, 104, -30, -62, -60, 21, -6, 27, 52, 113, -95, 92, -65, 115, 102, -122, 78, -47, 42, -88, -104, -96, 61, -27, -69, -9, -50, 119, -49, -29, 118, -26, -34, 115, -54, -68, 122, -39, 56, 127, -17, 81, -37, 59, 44, -111, 97, 84, 96, -63, 84, -93, 50, -60, 89, 97, -123, 6, 32, -26, 115, 11, -58, 24, -95, -86, 9, 83, -106, 53, 37, 99, -104, -30, 103, 6, 113, 28, -62, 37, -10, -45, -72, -70, 116, 43, -4, 80, 90, 16, -75, 2, 95, -42, -49, -43, 23, -9, 81, -90, -42, 27, 31, 97, -12, 105, -100, -57, 105, 93, -57, -7, 21, -59, 22, 105, -126, 109, -123, -65, -49, 114, -19, -70, 107, 87, 28, -22, -69, 98, -93, 120, -49, -1, 25, -81, 127, 47, 126, 117, -116, 7, -71, 50, -118, -41, 13, -7, -86, 3, -68, -106, -13, 126, 27, -17, -79, 87, 103, -59, -95, -70, -12, 27, -15, -81, 12, 7, -114, 80, 126, -29, 56, -38, 66, 6, 115, 115, 115, -20, 28, -72, -82, -127, -101, -50, 81, 53, -113, 60, -11, 115, -4, 24, 81, -52, -15, 58, 111, -44, -50, -8, 62, 61, 127, -114, -17, -50, -15, 2, 82, 71, -20, -14, -76, 55, -58, -123, -53, 107, -29, -46, -106, 126, 77, -34, 69, 58, 103, -112, -50, -25, -55, 83, 91, -32, 18, 57, -70, -49, -71, -104, -99, -99, 5, 21, -112, 118, 73, -92, -7, 71, -72, 10, 114, 105, -38, -110, 120, -57, 123, -9, 48, -14, 92, -17, -32, 123, 98, 2, -105, 113, 17, -104, -98, -102, -102, -119, -1, 45, 57, -88, 107, 56, 101, -55, 26, 70, -76, -67, 75, -90, 14, -83, -70, -86, 38, 109, 55, 104, -5, 64, 103, -97, 122, -102, -100, 57, 107, -43, 89, 19, -5, -98, 37, -68, -25, 100, 97, -36, -50, -88, -34, 77, 109, 59, -75, -83, 99, 107, -31, -119, -38, -68, 85, 102, 55, -38, -16, 66, -18, -18, -75, 91, -2, 97, -115, 90, 7, 120, -2, -50, -31, 20, 46, -84, -30, 108, 123, -92, 13, 81, 108, -28, -62, -70, 58, 19, -87, 68, 98, 112, 50, 57, -36, 19, -116, -109, -19, -111, 14, -18, -69, -74, -94, -39, -29, 99, -39, 51, 39, -62, 42, 113, 84, 97, 75, 65, 101, 96, -80, -56, 7, 47, -87, -77, -125, 37, 41, -66, 84, -89, -40, -109, -89, -104, 66, 47, 118, 2, -109, 61, -67, -15, 32, -96, -116, 123, -68, 96, 58, -18, -20, -17, 84, 54, 51, 73, -3, 61, 72, 98, 80, -12, -23, 38, 108, -94, -105, 5, 43, -67, 44, 50, 28, 66, 10, -69, 66, -127, -68, 37, 21, 98, -55, 114, -126, 112, -5, -9, 23, -20, 70, -48, 39, 71, 48, 28, 48, 48, 13, -59, -12, -83, -125, -80, 5, 7, -13, 104, -42, 103, -16, -47, -60, 67, 103, 125, 46, 46, -68, 21, -16, 31, -106, -57, -37, 43, -28, -15, 31, -14, -106, 108, 59, 20, -13, 22, 31, -95, -22, 127, 90, -54, 39, 75, -16, -87, 18, 124, 111, 9, -66, -6, 27, -2, -114, 29, 65, -125, 83, 97, -92, 111, 116, 42, -75, 111, 114, 34, -38, 111, 112, -86, -76, -105, -76, 43, 125, -77, 19, 53, 39, 53, 55, 92, 103, -90, 24, -41, 31, 122, -107, 56, 124, 54, -101, -99, -39, 125, 3, 17, -6, -73, 112, -33, -46, 62, -78, -119, 7, 43, -88, -18, -97, -7, -45, -49, -122, 87, -59, -93, -64, -91, -20, -107, -20, -76, -63, 58, 106, -116, -46, -121, -108, -43, 117, 68, -52, 110, 80, 109, 27, 126, 73, -78, -22, -15, 69, 103, -128, 122, 109, 43, -20, 58, -11, 82, -17, -5, 61, -102, 121, -61, -8, 67, 58, 30, -75, -101, -16, 88, 87, -108, 9, -35, -41, -17, -43, -86, 26, -69, 121, 113, 62, 88, -31, 49, 46, -94, -100, -35, 69, -54, -39, -67, -100, -35, -53, -39, -3, 119, -7, -75, -97, -35, 61, 89, 94, 118, -113, 45, 126, 83, -61, 93, 16, -13, 115, 118, 41, 89, -43, 127, 78, -53, -78, -22, 34, -49, 93, 118, 73, 5, -63, -35, 35, 21, 93, -21, 106, 21, -68, -9, 59, -14, 78, 71, 118, 64, 13, -68, -38, -66, 30, -48, -3, 36, 85, 91, 42, 124, 35, -92, -110, 73, 29, -125, -98, 22, 86, 1, -76, 16, -101, -120, -51, 68, 43, -63, -36, 47, -55, 29, 91, -119, 109, 68, 59, -47, 65, -56, -87, -38, 14, -87, 103, 64, -126, -24, 34, 118, 16, -35, 4, -13, 55, 122, -120, 36, -47, 75, -12, 17, 41, -94, -97, 24, 32, -104, 118, 37, 103, -21, -69, -89, -78, -4, -70, -56, -3, 43, -11, -4, 23, -4, -7, -14, 61, -2, 119, -27, 43, 92, 2, 1, 3], timeStamp=2014-08-28 01:23:56.294, toUser=Ruby, fromUser=nitin, mediaFileName=XLS_20140828_012300_.xls]
2014-08-28 01:24:10,387 - com.messaging.processor.DataCompressionHelper - INFO - Before decompression 889
2014-08-28 01:24:10,388 - com.messaging.processor.DataCompressionHelper - INFO - After decompression 5632
2014-08-28 01:24:11,280 - com.messaging.processor.ChatMessageProcessor - INFO - 5632
2014-08-28 01:24:11,548 - com.messaging.processor.ChatMessageProcessor - INFO - Sent Chat back on queue ruby and exchange chatExchg binding ruby
2014-08-28 01:24:11,553 - com.messaging.util.ConversationHistoryHelper - INFO - to : Ruby from : nitin
2014-08-28 01:24:11,555 - com.messaging.util.ConversationHistoryHelper - INFO - Returning conv history filename : nitinruby
2014-08-28 01:24:11,662 - com.messaging.core.Dispatcher - INFO - RECEIVED : Payload [callName=GetConversationHistory, msgType=Text, isMedia=false, message=[], timeStamp=2014-08-28 01:23:56.399, toUser=Ruby, fromUser=nitin, mediaFileName=]
2014-08-28 01:24:11,662 - com.messaging.processor.GetConversationHistoryProcesor - INFO - Getting conversation history for users : nitin and Ruby
2014-08-28 01:24:11,662 - com.messaging.util.ConversationHistoryHelper - INFO - to : Ruby from : nitin
2014-08-28 01:24:11,662 - com.messaging.util.ConversationHistoryHelper - INFO - Returning conv history filename : nitinruby
2014-08-28 01:24:12,685 - com.messaging.util.ConversationHistoryHelper - INFO - returning history 73
2014-08-28 01:24:12,686 - com.messaging.processor.GetConversationHistoryProcesor - INFO - chat buff ruby:my first message &nitin:got it&ruby:second one&ruby:something fishy&nitin:i know&ruby:hello&nitin:something wrong &ruby:what's wrong &ruby:gcxhj&ruby:TXT_20140812_223639_.txt&ruby:TXT_20140812_224316_.txt&ruby:helllo&nitin:hosannaa&ruby:TXT_20140812_225056_.txt&ruby:hupppp&nitin:derrrr&ruby:TXT_20140812_225204_.txt&ruby:hey nitin &nitin:TXT_20140813_115744_.txt&ruby:TXT_20140813_115805_.txt&nitin:TXT_20140813_120353_.txt&nitin:TXT_20140813_145003_.txt&nitin:TXT_20140813_145026_.txt&ruby:TXT_20140813_145059_.txt&nitin:hi&nitin:gm&ruby:hey nitin &ruby:kafi time baad &ruby:cool&nitin:1.docx&ruby:hi nitin &nitin:1.docx&nitin:hi&ruby:hey&nitin:wait&ruby:wasup?&nitin:1.docx&nitin:hey&ruby:yea&ruby:say&nitin:wgst&ruby:hain!?&nitin:what&nitin:aah&nitin:chuck &ruby:hmm&nitin:see this &nitin:DOCX_20140827_114552_.docx&ruby:thank you &nitin:why&ruby:yoin&nitin:hnm&nitin:ok&ruby::-)&nitin::-*&ruby:let's see if it will work now&nitin:yeaa&nitin:hege&ruby:hey again&nitin:yea&ruby:fh&nitin:ttd&nitin:hi&ruby:hey&ruby:wah&nitin:XLS_20140828_010802_.xls&nitin:hi&ruby:Han ji&nitin:XLS_20140828_011827_.xls&ruby:hey again &ruby:hey again &nitin:hi&nitin:XLS_20140828_012300_.xls&
2014-08-28 01:24:12,745 - com.messaging.processor.GetConversationHistoryProcesor - INFO - Sent Chat back on queue nitin and exchange chatExchg binding nitin
2014-08-28 01:26:00,128 - com.messaging.core.Dispatcher - INFO - RECEIVED : Payload [callName=DownloadMedia, msgType=Contract, isMedia=true, message=[88, 76, 83, 95, 50, 48, 49, 52, 48, 56, 50, 56, 95, 48, 49, 50, 51, 48, 48, 95, 46, 120, 108, 115], timeStamp=2014-08-28 01:25:57.569, toUser=ruby, fromUser=ruby, mediaFileName=XLS_20140828_012300_.xls]
2014-08-28 01:26:00,202 - com.messaging.processor.DownloadMediaProcessor - INFO - Reading in binary file named : media/contract\XLS_20140828_012300_.xls
2014-08-28 01:26:00,203 - com.messaging.processor.DownloadMediaProcessor - INFO - File size: 5632
2014-08-28 01:26:00,205 - com.messaging.processor.DataCompressionHelper - INFO - Before compression 5632
2014-08-28 01:26:00,252 - com.messaging.processor.DataCompressionHelper - INFO - After compression 889
2014-08-28 01:26:00,266 - com.messaging.processor.DownloadMediaProcessor - INFO - Sent media back on queue ruby and exchange chatExchg binding ruby
2014-08-28 01:26:12,946 - com.messaging.core.Dispatcher - INFO - RECEIVED : Payload [callName=DownloadMedia, msgType=Contract, isMedia=true, message=[88, 76, 83, 95, 50, 48, 49, 52, 48, 56, 50, 56, 95, 48, 49, 50, 51, 48, 48, 95, 46, 120, 108, 115], timeStamp=2014-08-28 01:26:10.677, toUser=ruby, fromUser=ruby, mediaFileName=XLS_20140828_012300_.xls]
2014-08-28 01:26:13,046 - com.messaging.processor.DownloadMediaProcessor - INFO - Reading in binary file named : media/contract\XLS_20140828_012300_.xls
2014-08-28 01:26:13,046 - com.messaging.processor.DownloadMediaProcessor - INFO - File size: 5632
2014-08-28 01:26:13,051 - com.messaging.processor.DataCompressionHelper - INFO - Before compression 5632
2014-08-28 01:26:13,052 - com.messaging.processor.DataCompressionHelper - INFO - After compression 889
2014-08-28 01:26:13,127 - com.messaging.processor.DownloadMediaProcessor - INFO - Sent media back on queue ruby and exchange chatExchg binding ruby
2014-08-28 01:28:22,277 - com.messaging.core.Dispatcher - INFO - RECEIVED : Payload [callName=GetConversationHistory, msgType=Text, isMedia=false, message=[], timeStamp=2014-08-28 01:28:19.529, toUser=Nitin, fromUser=ruby, mediaFileName=]
2014-08-28 01:28:22,279 - com.messaging.processor.GetConversationHistoryProcesor - INFO - Getting conversation history for users : ruby and Nitin
2014-08-28 01:28:22,279 - com.messaging.util.ConversationHistoryHelper - INFO - to : Nitin from : ruby
2014-08-28 01:28:22,279 - com.messaging.util.ConversationHistoryHelper - INFO - Returning conv history filename : nitinruby
2014-08-28 01:28:22,380 - com.messaging.util.ConversationHistoryHelper - INFO - returning history 73
2014-08-28 01:28:22,381 - com.messaging.processor.GetConversationHistoryProcesor - INFO - chat buff ruby:my first message &nitin:got it&ruby:second one&ruby:something fishy&nitin:i know&ruby:hello&nitin:something wrong &ruby:what's wrong &ruby:gcxhj&ruby:TXT_20140812_223639_.txt&ruby:TXT_20140812_224316_.txt&ruby:helllo&nitin:hosannaa&ruby:TXT_20140812_225056_.txt&ruby:hupppp&nitin:derrrr&ruby:TXT_20140812_225204_.txt&ruby:hey nitin &nitin:TXT_20140813_115744_.txt&ruby:TXT_20140813_115805_.txt&nitin:TXT_20140813_120353_.txt&nitin:TXT_20140813_145003_.txt&nitin:TXT_20140813_145026_.txt&ruby:TXT_20140813_145059_.txt&nitin:hi&nitin:gm&ruby:hey nitin &ruby:kafi time baad &ruby:cool&nitin:1.docx&ruby:hi nitin &nitin:1.docx&nitin:hi&ruby:hey&nitin:wait&ruby:wasup?&nitin:1.docx&nitin:hey&ruby:yea&ruby:say&nitin:wgst&ruby:hain!?&nitin:what&nitin:aah&nitin:chuck &ruby:hmm&nitin:see this &nitin:DOCX_20140827_114552_.docx&ruby:thank you &nitin:why&ruby:yoin&nitin:hnm&nitin:ok&ruby::-)&nitin::-*&ruby:let's see if it will work now&nitin:yeaa&nitin:hege&ruby:hey again&nitin:yea&ruby:fh&nitin:ttd&nitin:hi&ruby:hey&ruby:wah&nitin:XLS_20140828_010802_.xls&nitin:hi&ruby:Han ji&nitin:XLS_20140828_011827_.xls&ruby:hey again &ruby:hey again &nitin:hi&nitin:XLS_20140828_012300_.xls&
2014-08-28 01:28:22,461 - com.messaging.processor.GetConversationHistoryProcesor - INFO - Sent Chat back on queue ruby and exchange chatExchg binding ruby
2014-08-28 01:28:35,316 - com.messaging.core.Dispatcher - INFO - RECEIVED : Payload [callName=GetConversationHistory, msgType=Text, isMedia=false, message=[], timeStamp=2014-08-28 01:28:32.748, toUser=Nitin, fromUser=ruby, mediaFileName=]
2014-08-28 01:28:35,316 - com.messaging.processor.GetConversationHistoryProcesor - INFO - Getting conversation history for users : ruby and Nitin
2014-08-28 01:28:35,317 - com.messaging.util.ConversationHistoryHelper - INFO - to : Nitin from : ruby
2014-08-28 01:28:35,317 - com.messaging.util.ConversationHistoryHelper - INFO - Returning conv history filename : nitinruby
2014-08-28 01:28:35,318 - com.messaging.util.ConversationHistoryHelper - INFO - returning history 73
2014-08-28 01:28:35,319 - com.messaging.processor.GetConversationHistoryProcesor - INFO - chat buff ruby:my first message &nitin:got it&ruby:second one&ruby:something fishy&nitin:i know&ruby:hello&nitin:something wrong &ruby:what's wrong &ruby:gcxhj&ruby:TXT_20140812_223639_.txt&ruby:TXT_20140812_224316_.txt&ruby:helllo&nitin:hosannaa&ruby:TXT_20140812_225056_.txt&ruby:hupppp&nitin:derrrr&ruby:TXT_20140812_225204_.txt&ruby:hey nitin &nitin:TXT_20140813_115744_.txt&ruby:TXT_20140813_115805_.txt&nitin:TXT_20140813_120353_.txt&nitin:TXT_20140813_145003_.txt&nitin:TXT_20140813_145026_.txt&ruby:TXT_20140813_145059_.txt&nitin:hi&nitin:gm&ruby:hey nitin &ruby:kafi time baad &ruby:cool&nitin:1.docx&ruby:hi nitin &nitin:1.docx&nitin:hi&ruby:hey&nitin:wait&ruby:wasup?&nitin:1.docx&nitin:hey&ruby:yea&ruby:say&nitin:wgst&ruby:hain!?&nitin:what&nitin:aah&nitin:chuck &ruby:hmm&nitin:see this &nitin:DOCX_20140827_114552_.docx&ruby:thank you &nitin:why&ruby:yoin&nitin:hnm&nitin:ok&ruby::-)&nitin::-*&ruby:let's see if it will work now&nitin:yeaa&nitin:hege&ruby:hey again&nitin:yea&ruby:fh&nitin:ttd&nitin:hi&ruby:hey&ruby:wah&nitin:XLS_20140828_010802_.xls&nitin:hi&ruby:Han ji&nitin:XLS_20140828_011827_.xls&ruby:hey again &ruby:hey again &nitin:hi&nitin:XLS_20140828_012300_.xls&
2014-08-28 01:28:35,413 - com.messaging.processor.GetConversationHistoryProcesor - INFO - Sent Chat back on queue ruby and exchange chatExchg binding ruby
2014-08-28 01:28:50,846 - com.messaging.core.Dispatcher - INFO - RECEIVED : Payload [callName=Chat, msgType=Text, isMedia=false, message=[104, 101, 121], timeStamp=2014-08-28 01:28:48.376, toUser=Nitin, fromUser=ruby, mediaFileName=]
2014-08-28 01:28:50,992 - com.messaging.processor.ChatMessageProcessor - INFO - Sent Chat back on queue nitin and exchange chatExchg binding nitin
2014-08-28 01:28:51,000 - com.messaging.util.ConversationHistoryHelper - INFO - to : Nitin from : ruby
2014-08-28 01:28:51,001 - com.messaging.util.ConversationHistoryHelper - INFO - Returning conv history filename : nitinruby
2014-08-28 01:28:58,913 - com.messaging.core.Dispatcher - INFO - RECEIVED : Payload [callName=GetConversationHistory, msgType=Text, isMedia=false, message=[], timeStamp=2014-08-28 01:28:44.845, toUser=Ruby, fromUser=nitin, mediaFileName=]
2014-08-28 01:28:58,913 - com.messaging.processor.GetConversationHistoryProcesor - INFO - Getting conversation history for users : nitin and Ruby
2014-08-28 01:28:58,913 - com.messaging.util.ConversationHistoryHelper - INFO - to : Ruby from : nitin
2014-08-28 01:28:58,915 - com.messaging.util.ConversationHistoryHelper - INFO - Returning conv history filename : nitinruby
2014-08-28 01:28:58,921 - com.messaging.util.ConversationHistoryHelper - INFO - returning history 74
2014-08-28 01:28:58,921 - com.messaging.processor.GetConversationHistoryProcesor - INFO - chat buff ruby:my first message &nitin:got it&ruby:second one&ruby:something fishy&nitin:i know&ruby:hello&nitin:something wrong &ruby:what's wrong &ruby:gcxhj&ruby:TXT_20140812_223639_.txt&ruby:TXT_20140812_224316_.txt&ruby:helllo&nitin:hosannaa&ruby:TXT_20140812_225056_.txt&ruby:hupppp&nitin:derrrr&ruby:TXT_20140812_225204_.txt&ruby:hey nitin &nitin:TXT_20140813_115744_.txt&ruby:TXT_20140813_115805_.txt&nitin:TXT_20140813_120353_.txt&nitin:TXT_20140813_145003_.txt&nitin:TXT_20140813_145026_.txt&ruby:TXT_20140813_145059_.txt&nitin:hi&nitin:gm&ruby:hey nitin &ruby:kafi time baad &ruby:cool&nitin:1.docx&ruby:hi nitin &nitin:1.docx&nitin:hi&ruby:hey&nitin:wait&ruby:wasup?&nitin:1.docx&nitin:hey&ruby:yea&ruby:say&nitin:wgst&ruby:hain!?&nitin:what&nitin:aah&nitin:chuck &ruby:hmm&nitin:see this &nitin:DOCX_20140827_114552_.docx&ruby:thank you &nitin:why&ruby:yoin&nitin:hnm&nitin:ok&ruby::-)&nitin::-*&ruby:let's see if it will work now&nitin:yeaa&nitin:hege&ruby:hey again&nitin:yea&ruby:fh&nitin:ttd&nitin:hi&ruby:hey&ruby:wah&nitin:XLS_20140828_010802_.xls&nitin:hi&ruby:Han ji&nitin:XLS_20140828_011827_.xls&ruby:hey again &ruby:hey again &nitin:hi&nitin:XLS_20140828_012300_.xls&ruby:hey&
2014-08-28 01:28:59,031 - com.messaging.processor.GetConversationHistoryProcesor - INFO - Sent Chat back on queue nitin and exchange chatExchg binding nitin
2014-08-28 01:29:00,585 - com.messaging.core.Dispatcher - INFO - RECEIVED : Payload [callName=Chat, msgType=Text, isMedia=false, message=[104, 101, 121], timeStamp=2014-08-28 01:28:58.285, toUser=Nitin, fromUser=ruby, mediaFileName=]
2014-08-28 01:29:00,622 - com.messaging.processor.ChatMessageProcessor - INFO - Sent Chat back on queue nitin and exchange chatExchg binding nitin
2014-08-28 01:29:00,629 - com.messaging.util.ConversationHistoryHelper - INFO - to : Nitin from : ruby
2014-08-28 01:29:00,630 - com.messaging.util.ConversationHistoryHelper - INFO - Returning conv history filename : nitinruby
2014-08-28 01:29:01,326 - com.messaging.core.Dispatcher - INFO - RECEIVED : Payload [callName=Chat, msgType=Text, isMedia=false, message=[104, 105], timeStamp=2014-08-28 01:28:47.357, toUser=Ruby, fromUser=nitin, mediaFileName=]
2014-08-28 01:29:01,369 - com.messaging.processor.ChatMessageProcessor - INFO - Sent Chat back on queue ruby and exchange chatExchg binding ruby
2014-08-28 01:29:01,380 - com.messaging.util.ConversationHistoryHelper - INFO - to : Ruby from : nitin
2014-08-28 01:29:01,380 - com.messaging.util.ConversationHistoryHelper - INFO - Returning conv history filename : nitinruby
2014-08-28 01:29:06,136 - com.messaging.core.Dispatcher - INFO - RECEIVED : Payload [callName=Chat, msgType=Text, isMedia=false, message=[104, 105], timeStamp=2014-08-28 01:28:52.186, toUser=Ruby, fromUser=nitin, mediaFileName=]
2014-08-28 01:29:06,247 - com.messaging.processor.ChatMessageProcessor - INFO - Sent Chat back on queue ruby and exchange chatExchg binding ruby
2014-08-28 01:29:06,269 - com.messaging.util.ConversationHistoryHelper - INFO - to : Ruby from : nitin
2014-08-28 01:29:06,270 - com.messaging.util.ConversationHistoryHelper - INFO - Returning conv history filename : nitinruby
2014-08-28 01:29:16,350 - com.messaging.core.Dispatcher - INFO - RECEIVED : Payload [callName=Chat, msgType=Text, isMedia=false, message=[98, 104, 101, 106, 111, 32, 101, 120, 99, 101, 108, 32, 115, 104, 101, 101, 116, 32], timeStamp=2014-08-28 01:29:14.124, toUser=Nitin, fromUser=ruby, mediaFileName=]
2014-08-28 01:29:16,383 - com.messaging.processor.ChatMessageProcessor - INFO - Sent Chat back on queue nitin and exchange chatExchg binding nitin
2014-08-28 01:29:16,388 - com.messaging.util.ConversationHistoryHelper - INFO - to : Nitin from : ruby
2014-08-28 01:29:16,389 - com.messaging.util.ConversationHistoryHelper - INFO - Returning conv history filename : nitinruby
2014-08-28 01:29:29,111 - com.messaging.core.Dispatcher - INFO - RECEIVED : Payload [callName=Chat, msgType=Text, isMedia=false, message=[98, 104, 101, 106, 111, 111, 111, 111, 111], timeStamp=2014-08-28 01:29:26.592, toUser=Nitin, fromUser=ruby, mediaFileName=]
2014-08-28 01:29:29,201 - com.messaging.processor.ChatMessageProcessor - INFO - Sent Chat back on queue nitin and exchange chatExchg binding nitin
2014-08-28 01:29:29,225 - com.messaging.util.ConversationHistoryHelper - INFO - to : Nitin from : ruby
2014-08-28 01:29:29,226 - com.messaging.util.ConversationHistoryHelper - INFO - Returning conv history filename : nitinruby
2014-08-28 01:29:32,895 - com.messaging.core.Dispatcher - INFO - RECEIVED : Payload [callName=Chat, msgType=Text, isMedia=false, message=[102, 97, 115, 116, 32, 102, 97, 115, 116], timeStamp=2014-08-28 01:29:30.633, toUser=Nitin, fromUser=ruby, mediaFileName=]
2014-08-28 01:29:32,971 - com.messaging.processor.ChatMessageProcessor - INFO - Sent Chat back on queue nitin and exchange chatExchg binding nitin
2014-08-28 01:29:32,987 - com.messaging.util.ConversationHistoryHelper - INFO - to : Nitin from : ruby
2014-08-28 01:29:32,987 - com.messaging.util.ConversationHistoryHelper - INFO - Returning conv history filename : nitinruby
2014-08-28 01:29:36,288 - com.messaging.core.Dispatcher - INFO - RECEIVED : Payload [callName=GetConversationHistory, msgType=Text, isMedia=false, message=[], timeStamp=2014-08-28 01:29:22.169, toUser=Ruby, fromUser=nitin, mediaFileName=]
2014-08-28 01:29:36,289 - com.messaging.processor.GetConversationHistoryProcesor - INFO - Getting conversation history for users : nitin and Ruby
2014-08-28 01:29:36,289 - com.messaging.util.ConversationHistoryHelper - INFO - to : Ruby from : nitin
2014-08-28 01:29:36,290 - com.messaging.util.ConversationHistoryHelper - INFO - Returning conv history filename : nitinruby
2014-08-28 01:29:36,291 - com.messaging.util.ConversationHistoryHelper - INFO - returning history 80
2014-08-28 01:29:36,292 - com.messaging.processor.GetConversationHistoryProcesor - INFO - chat buff ruby:my first message &nitin:got it&ruby:second one&ruby:something fishy&nitin:i know&ruby:hello&nitin:something wrong &ruby:what's wrong &ruby:gcxhj&ruby:TXT_20140812_223639_.txt&ruby:TXT_20140812_224316_.txt&ruby:helllo&nitin:hosannaa&ruby:TXT_20140812_225056_.txt&ruby:hupppp&nitin:derrrr&ruby:TXT_20140812_225204_.txt&ruby:hey nitin &nitin:TXT_20140813_115744_.txt&ruby:TXT_20140813_115805_.txt&nitin:TXT_20140813_120353_.txt&nitin:TXT_20140813_145003_.txt&nitin:TXT_20140813_145026_.txt&ruby:TXT_20140813_145059_.txt&nitin:hi&nitin:gm&ruby:hey nitin &ruby:kafi time baad &ruby:cool&nitin:1.docx&ruby:hi nitin &nitin:1.docx&nitin:hi&ruby:hey&nitin:wait&ruby:wasup?&nitin:1.docx&nitin:hey&ruby:yea&ruby:say&nitin:wgst&ruby:hain!?&nitin:what&nitin:aah&nitin:chuck &ruby:hmm&nitin:see this &nitin:DOCX_20140827_114552_.docx&ruby:thank you &nitin:why&ruby:yoin&nitin:hnm&nitin:ok&ruby::-)&nitin::-*&ruby:let's see if it will work now&nitin:yeaa&nitin:hege&ruby:hey again&nitin:yea&ruby:fh&nitin:ttd&nitin:hi&ruby:hey&ruby:wah&nitin:XLS_20140828_010802_.xls&nitin:hi&ruby:Han ji&nitin:XLS_20140828_011827_.xls&ruby:hey again &ruby:hey again &nitin:hi&nitin:XLS_20140828_012300_.xls&ruby:hey&ruby:hey&nitin:hi&nitin:hi&ruby:bhejo excel sheet &ruby:bhejooooo&ruby:fast fast&
2014-08-28 01:29:36,327 - com.messaging.processor.GetConversationHistoryProcesor - INFO - Sent Chat back on queue nitin and exchange chatExchg binding nitin
2014-08-28 01:29:39,335 - com.messaging.core.Dispatcher - INFO - RECEIVED : Payload [callName=Chat, msgType=Text, isMedia=false, message=[104, 105], timeStamp=2014-08-28 01:29:25.359, toUser=Ruby, fromUser=nitin, mediaFileName=]
2014-08-28 01:29:39,363 - com.messaging.processor.ChatMessageProcessor - INFO - Sent Chat back on queue ruby and exchange chatExchg binding ruby
2014-08-28 01:29:39,368 - com.messaging.util.ConversationHistoryHelper - INFO - to : Ruby from : nitin
2014-08-28 01:29:39,369 - com.messaging.util.ConversationHistoryHelper - INFO - Returning conv history filename : nitinruby
2014-08-28 01:29:59,176 - com.messaging.core.Dispatcher - INFO - RECEIVED : Payload [callName=Chat, msgType=Contract, isMedia=true, message=[120, -100, -19, 88, 75, 79, 19, 81, 20, -2, 102, 104, -95, 8, -14, 18, 81, 80, -95, 82, 68, 10, 5, 49, -59, -60, 72, -64, 106, -30, 31, -64, -123, -88, 24, -44, -40, 70, -29, 3, 67, 72, -116, 43, 103, -29, 78, 19, -93, 9, -55, 36, 110, -4, 3, 62, 54, -70, 49, 6, 119, 46, -102, 104, -30, -62, -60, 21, -6, 27, 52, 113, -95, 92, -65, 115, 102, -122, 78, -47, 42, -88, -104, -96, 61, -27, -69, -9, -50, 119, -49, -29, 118, -26, -34, 115, -54, -68, 122, -39, 56, 127, -17, 81, -37, 59, 44, -111, 97, 84, 96, -63, 84, -93, 50, -60, 89, 97, -123, 6, 32, -26, 115, 11, -58, 24, -95, -86, 9, 83, -106, 53, 37, 99, -104, -30, 103, 6, 113, 28, -62, 37, -10, -45, -72, -70, 116, 43, -4, 80, 90, 16, -75, 2, 95, -42, -49, -43, 23, -9, 81, -90, -42, 27, 31, 97, -12, 105, -100, -57, 105, 93, -57, -7, 21, -59, 22, 105, -126, 109, -123, -65, -49, 114, -19, -70, 107, 87, 28, -22, -69, 98, -93, 120, -49, -1, 25, -81, 127, 47, 126, 117, -116, 7, -71, 50, -118, -41, 13, -7, -86, 3, -68, -106, -13, 126, 27, -17, -79, 87, 103, -59, -95, -70, -12, 27, -15, -81, 12, 7, -114, 80, 126, -29, 56, -38, 66, 6, 115, 115, 115, -20, 28, -72, -82, -127, -101, -50, 81, 53, -113, 60, -11, 115, -4, 24, 81, -52, -15, 58, 111, -44, -50, -8, 62, 61, 127, -114, -17, -50, -15, 2, 82, 71, -20, -14, -76, 55, -58, -123, -53, 107, -29, -46, -106, 126, 77, -34, 69, 58, 103, -112, -50, -25, -55, 83, 91, -32, 18, 57, -70, -49, -71, -104, -99, -99, 5, 21, -112, 118, 73, -92, -7, 71, -72, 10, 114, 105, -38, -110, 120, -57, 123, -9, 48, -14, 92, -17, -32, 123, 98, 2, -105, 113, 17, -104, -98, -102, -102, -119, -1, 45, 57, -88, 107, 56, 101, -55, 26, 70, -76, -67, 75, -90, 14, -83, -70, -86, 38, 109, 55, 104, -5, 64, 103, -97, 122, -102, -100, 57, 107, -43, 89, 19, -5, -98, 37, -68, -25, 100, 97, -36, -50, -88, -34, 77, 109, 59, -75, -83, 99, 107, -31, -119, -38, -68, 85, 102, 55, -38, -16, 66, -18, -18, -75, 91, -2, 97, -115, 90, 7, 120, -2, -50, -31, 20, 46, -84, -30, 108, 123, -92, 13, 81, 108, -28, -62, -70, 58, 19, -87, 68, 98, 112, 50, 57, -36, 19, -116, -109, -19, -111, 14, -18, -69, -74, -94, -39, -29, 99, -39, 51, 39, -62, 42, 113, 84, 97, 75, 65, 101, 96, -80, -56, 7, 47, -87, -77, -125, 37, 41, -66, 84, -89, -40, -109, -89, -104, 66, 47, 118, 2, -109, 61, -67, -15, 32, -96, -116, 123, -68, 96, 58, -18, -20, -17, 84, 54, 51, 73, -3, 61, 72, 98, 80, -12, -23, 38, 108, -94, -105, 5, 43, -67, 44, 50, 28, 66, 10, -69, 66, -127, -68, 37, 21, 98, -55, 114, -126, 112, -5, -9, 23, -20, 70, -48, 39, 71, 48, 28, 48, 48, 13, -59, -12, -83, -125, -80, 5, 7, -13, 104, -42, 103, -16, -47, -60, 67, 103, 125, 46, 46, -68, 21, -16, 31, -106, -57, -37, 43, -28, -15, 31, -14, -106, 108, 59, 20, -13, 22, 31, -95, -22, 127, 90, -54, 39, 75, -16, -87, 18, 124, 111, 9, -66, -6, 27, -2, -114, 29, 65, -125, 83, 97, -92, 111, 116, 42, -75, 111, 114, 34, -38, 111, 112, -86, -76, -105, -76, 43, 125, -77, 19, 53, 39, 53, 55, 92, 103, -90, 24, -41, 31, 122, -107, 56, 124, 54, -101, -99, -39, 125, 3, 17, -6, -73, 112, -33, -46, 62, -78, -119, 7, 43, -88, -18, -97, -7, -45, -49, -122, 87, -59, -93, -64, -91, -20, -107, -20, -76, -63, 58, 106, -116, -46, -121, -108, -43, 117, 68, -52, 110, 80, 109, 27, 126, 73, -78, -22, -15, 69, 103, -128, 122, 109, 43, -20, 58, -11, 82, -17, -5, 61, -102, 121, -61, -8, 67, 58, 30, -75, -101, -16, 88, 87, -108, 9, -35, -41, -17, -43, -86, 26, -69, 121, 113, 62, 88, -31, 49, 46, -94, -100, -35, 69, -54, -39, -67, -100, -35, -53, -39, -3, 119, -7, -75, -97, -35, 61, 89, 94, 118, -113, 45, 126, 83, -61, 93, 16, -13, 115, 118, 41, 89, -43, 127, 78, -53, -78, -22, 34, -49, 93, 118, 73, 5, -63, -35, 35, 21, 93, -21, 106, 21, -68, -9, 59, -14, 78, 71, 118, 64, 13, -68, -38, -66, 30, -48, -3, 36, 85, 91, 42, 124, 35, -92, -110, 73, 29, -125, -98, 22, 86, 1, -76, 16, -101, -120, -51, 68, 43, -63, -36, 47, -55, 29, 91, -119, 109, 68, 59, -47, 65, -56, -87, -38, 14, -87, 103, 64, -126, -24, 34, 118, 16, -35, 4, -13, 55, 122, -120, 36, -47, 75, -12, 17, 41, -94, -97, 24, 32, -104, 118, 37, 103, -21, -69, -89, -78, -4, -70, -56, -3, 43, -11, -4, 23, -4, -7, -14, 61, -2, 119, -27, 43, 92, 2, 1, 3], timeStamp=2014-08-28 01:29:45.012, toUser=Ruby, fromUser=nitin, mediaFileName=XLS_20140828_012300_.xls]
2014-08-28 01:29:59,315 - com.messaging.processor.DataCompressionHelper - INFO - Before decompression 889
2014-08-28 01:29:59,316 - com.messaging.processor.DataCompressionHelper - INFO - After decompression 5632
2014-08-28 01:29:59,386 - com.messaging.processor.ChatMessageProcessor - INFO - 5632
2014-08-28 01:29:59,397 - com.messaging.processor.ChatMessageProcessor - INFO - Sent Chat back on queue ruby and exchange chatExchg binding ruby
2014-08-28 01:29:59,409 - com.messaging.util.ConversationHistoryHelper - INFO - to : Ruby from : nitin
2014-08-28 01:29:59,409 - com.messaging.util.ConversationHistoryHelper - INFO - Returning conv history filename : nitinruby
2014-08-28 01:29:59,462 - com.messaging.core.Dispatcher - INFO - RECEIVED : Payload [callName=GetConversationHistory, msgType=Text, isMedia=false, message=[], timeStamp=2014-08-28 01:29:45.1, toUser=Ruby, fromUser=nitin, mediaFileName=]
2014-08-28 01:29:59,462 - com.messaging.processor.GetConversationHistoryProcesor - INFO - Getting conversation history for users : nitin and Ruby
2014-08-28 01:29:59,462 - com.messaging.util.ConversationHistoryHelper - INFO - to : Ruby from : nitin
2014-08-28 01:29:59,462 - com.messaging.util.ConversationHistoryHelper - INFO - Returning conv history filename : nitinruby
2014-08-28 01:29:59,470 - com.messaging.util.ConversationHistoryHelper - INFO - returning history 82
2014-08-28 01:29:59,470 - com.messaging.processor.GetConversationHistoryProcesor - INFO - chat buff ruby:my first message &nitin:got it&ruby:second one&ruby:something fishy&nitin:i know&ruby:hello&nitin:something wrong &ruby:what's wrong &ruby:gcxhj&ruby:TXT_20140812_223639_.txt&ruby:TXT_20140812_224316_.txt&ruby:helllo&nitin:hosannaa&ruby:TXT_20140812_225056_.txt&ruby:hupppp&nitin:derrrr&ruby:TXT_20140812_225204_.txt&ruby:hey nitin &nitin:TXT_20140813_115744_.txt&ruby:TXT_20140813_115805_.txt&nitin:TXT_20140813_120353_.txt&nitin:TXT_20140813_145003_.txt&nitin:TXT_20140813_145026_.txt&ruby:TXT_20140813_145059_.txt&nitin:hi&nitin:gm&ruby:hey nitin &ruby:kafi time baad &ruby:cool&nitin:1.docx&ruby:hi nitin &nitin:1.docx&nitin:hi&ruby:hey&nitin:wait&ruby:wasup?&nitin:1.docx&nitin:hey&ruby:yea&ruby:say&nitin:wgst&ruby:hain!?&nitin:what&nitin:aah&nitin:chuck &ruby:hmm&nitin:see this &nitin:DOCX_20140827_114552_.docx&ruby:thank you &nitin:why&ruby:yoin&nitin:hnm&nitin:ok&ruby::-)&nitin::-*&ruby:let's see if it will work now&nitin:yeaa&nitin:hege&ruby:hey again&nitin:yea&ruby:fh&nitin:ttd&nitin:hi&ruby:hey&ruby:wah&nitin:XLS_20140828_010802_.xls&nitin:hi&ruby:Han ji&nitin:XLS_20140828_011827_.xls&ruby:hey again &ruby:hey again &nitin:hi&nitin:XLS_20140828_012300_.xls&ruby:hey&ruby:hey&nitin:hi&nitin:hi&ruby:bhejo excel sheet &ruby:bhejooooo&ruby:fast fast&nitin:hi&nitin:XLS_20140828_012300_.xls&
2014-08-28 01:29:59,519 - com.messaging.processor.GetConversationHistoryProcesor - INFO - Sent Chat back on queue nitin and exchange chatExchg binding nitin
2014-08-28 01:30:09,773 - com.messaging.core.Dispatcher - INFO - RECEIVED : Payload [callName=GetConversationHistory, msgType=Text, isMedia=false, message=[], timeStamp=2014-08-28 01:30:06.976, toUser=Nitin, fromUser=ruby, mediaFileName=]
2014-08-28 01:30:09,774 - com.messaging.processor.GetConversationHistoryProcesor - INFO - Getting conversation history for users : ruby and Nitin
2014-08-28 01:30:09,774 - com.messaging.util.ConversationHistoryHelper - INFO - to : Nitin from : ruby
2014-08-28 01:30:09,775 - com.messaging.util.ConversationHistoryHelper - INFO - Returning conv history filename : nitinruby
2014-08-28 01:30:09,777 - com.messaging.util.ConversationHistoryHelper - INFO - returning history 82
2014-08-28 01:30:09,777 - com.messaging.processor.GetConversationHistoryProcesor - INFO - chat buff ruby:my first message &nitin:got it&ruby:second one&ruby:something fishy&nitin:i know&ruby:hello&nitin:something wrong &ruby:what's wrong &ruby:gcxhj&ruby:TXT_20140812_223639_.txt&ruby:TXT_20140812_224316_.txt&ruby:helllo&nitin:hosannaa&ruby:TXT_20140812_225056_.txt&ruby:hupppp&nitin:derrrr&ruby:TXT_20140812_225204_.txt&ruby:hey nitin &nitin:TXT_20140813_115744_.txt&ruby:TXT_20140813_115805_.txt&nitin:TXT_20140813_120353_.txt&nitin:TXT_20140813_145003_.txt&nitin:TXT_20140813_145026_.txt&ruby:TXT_20140813_145059_.txt&nitin:hi&nitin:gm&ruby:hey nitin &ruby:kafi time baad &ruby:cool&nitin:1.docx&ruby:hi nitin &nitin:1.docx&nitin:hi&ruby:hey&nitin:wait&ruby:wasup?&nitin:1.docx&nitin:hey&ruby:yea&ruby:say&nitin:wgst&ruby:hain!?&nitin:what&nitin:aah&nitin:chuck &ruby:hmm&nitin:see this &nitin:DOCX_20140827_114552_.docx&ruby:thank you &nitin:why&ruby:yoin&nitin:hnm&nitin:ok&ruby::-)&nitin::-*&ruby:let's see if it will work now&nitin:yeaa&nitin:hege&ruby:hey again&nitin:yea&ruby:fh&nitin:ttd&nitin:hi&ruby:hey&ruby:wah&nitin:XLS_20140828_010802_.xls&nitin:hi&ruby:Han ji&nitin:XLS_20140828_011827_.xls&ruby:hey again &ruby:hey again &nitin:hi&nitin:XLS_20140828_012300_.xls&ruby:hey&ruby:hey&nitin:hi&nitin:hi&ruby:bhejo excel sheet &ruby:bhejooooo&ruby:fast fast&nitin:hi&nitin:XLS_20140828_012300_.xls&
2014-08-28 01:30:09,825 - com.messaging.processor.GetConversationHistoryProcesor - INFO - Sent Chat back on queue ruby and exchange chatExchg binding ruby
2014-08-28 01:30:09,905 - com.messaging.core.Dispatcher - INFO - RECEIVED : Payload [callName=GetConversationHistory, msgType=Text, isMedia=false, message=[], timeStamp=2014-08-28 01:30:07.288, toUser=Nitin, fromUser=ruby, mediaFileName=]
2014-08-28 01:30:09,906 - com.messaging.processor.GetConversationHistoryProcesor - INFO - Getting conversation history for users : ruby and Nitin
2014-08-28 01:30:09,906 - com.messaging.util.ConversationHistoryHelper - INFO - to : Nitin from : ruby
2014-08-28 01:30:09,906 - com.messaging.util.ConversationHistoryHelper - INFO - Returning conv history filename : nitinruby
2014-08-28 01:30:09,907 - com.messaging.util.ConversationHistoryHelper - INFO - returning history 82
2014-08-28 01:30:09,909 - com.messaging.processor.GetConversationHistoryProcesor - INFO - chat buff ruby:my first message &nitin:got it&ruby:second one&ruby:something fishy&nitin:i know&ruby:hello&nitin:something wrong &ruby:what's wrong &ruby:gcxhj&ruby:TXT_20140812_223639_.txt&ruby:TXT_20140812_224316_.txt&ruby:helllo&nitin:hosannaa&ruby:TXT_20140812_225056_.txt&ruby:hupppp&nitin:derrrr&ruby:TXT_20140812_225204_.txt&ruby:hey nitin &nitin:TXT_20140813_115744_.txt&ruby:TXT_20140813_115805_.txt&nitin:TXT_20140813_120353_.txt&nitin:TXT_20140813_145003_.txt&nitin:TXT_20140813_145026_.txt&ruby:TXT_20140813_145059_.txt&nitin:hi&nitin:gm&ruby:hey nitin &ruby:kafi time baad &ruby:cool&nitin:1.docx&ruby:hi nitin &nitin:1.docx&nitin:hi&ruby:hey&nitin:wait&ruby:wasup?&nitin:1.docx&nitin:hey&ruby:yea&ruby:say&nitin:wgst&ruby:hain!?&nitin:what&nitin:aah&nitin:chuck &ruby:hmm&nitin:see this &nitin:DOCX_20140827_114552_.docx&ruby:thank you &nitin:why&ruby:yoin&nitin:hnm&nitin:ok&ruby::-)&nitin::-*&ruby:let's see if it will work now&nitin:yeaa&nitin:hege&ruby:hey again&nitin:yea&ruby:fh&nitin:ttd&nitin:hi&ruby:hey&ruby:wah&nitin:XLS_20140828_010802_.xls&nitin:hi&ruby:Han ji&nitin:XLS_20140828_011827_.xls&ruby:hey again &ruby:hey again &nitin:hi&nitin:XLS_20140828_012300_.xls&ruby:hey&ruby:hey&nitin:hi&nitin:hi&ruby:bhejo excel sheet &ruby:bhejooooo&ruby:fast fast&nitin:hi&nitin:XLS_20140828_012300_.xls&
2014-08-28 01:30:09,940 - com.messaging.processor.GetConversationHistoryProcesor - INFO - Sent Chat back on queue ruby and exchange chatExchg binding ruby
2014-08-28 01:30:19,655 - com.messaging.core.Dispatcher - INFO - RECEIVED : Payload [callName=GetConversationHistory, msgType=Text, isMedia=false, message=[], timeStamp=2014-08-28 01:30:17.26, toUser=Nitin, fromUser=ruby, mediaFileName=]
2014-08-28 01:30:19,655 - com.messaging.processor.GetConversationHistoryProcesor - INFO - Getting conversation history for users : ruby and Nitin
2014-08-28 01:30:19,655 - com.messaging.util.ConversationHistoryHelper - INFO - to : Nitin from : ruby
2014-08-28 01:30:19,656 - com.messaging.util.ConversationHistoryHelper - INFO - Returning conv history filename : nitinruby
2014-08-28 01:30:19,658 - com.messaging.util.ConversationHistoryHelper - INFO - returning history 82
2014-08-28 01:30:19,658 - com.messaging.processor.GetConversationHistoryProcesor - INFO - chat buff ruby:my first message &nitin:got it&ruby:second one&ruby:something fishy&nitin:i know&ruby:hello&nitin:something wrong &ruby:what's wrong &ruby:gcxhj&ruby:TXT_20140812_223639_.txt&ruby:TXT_20140812_224316_.txt&ruby:helllo&nitin:hosannaa&ruby:TXT_20140812_225056_.txt&ruby:hupppp&nitin:derrrr&ruby:TXT_20140812_225204_.txt&ruby:hey nitin &nitin:TXT_20140813_115744_.txt&ruby:TXT_20140813_115805_.txt&nitin:TXT_20140813_120353_.txt&nitin:TXT_20140813_145003_.txt&nitin:TXT_20140813_145026_.txt&ruby:TXT_20140813_145059_.txt&nitin:hi&nitin:gm&ruby:hey nitin &ruby:kafi time baad &ruby:cool&nitin:1.docx&ruby:hi nitin &nitin:1.docx&nitin:hi&ruby:hey&nitin:wait&ruby:wasup?&nitin:1.docx&nitin:hey&ruby:yea&ruby:say&nitin:wgst&ruby:hain!?&nitin:what&nitin:aah&nitin:chuck &ruby:hmm&nitin:see this &nitin:DOCX_20140827_114552_.docx&ruby:thank you &nitin:why&ruby:yoin&nitin:hnm&nitin:ok&ruby::-)&nitin::-*&ruby:let's see if it will work now&nitin:yeaa&nitin:hege&ruby:hey again&nitin:yea&ruby:fh&nitin:ttd&nitin:hi&ruby:hey&ruby:wah&nitin:XLS_20140828_010802_.xls&nitin:hi&ruby:Han ji&nitin:XLS_20140828_011827_.xls&ruby:hey again &ruby:hey again &nitin:hi&nitin:XLS_20140828_012300_.xls&ruby:hey&ruby:hey&nitin:hi&nitin:hi&ruby:bhejo excel sheet &ruby:bhejooooo&ruby:fast fast&nitin:hi&nitin:XLS_20140828_012300_.xls&
2014-08-28 01:30:19,690 - com.messaging.processor.GetConversationHistoryProcesor - INFO - Sent Chat back on queue ruby and exchange chatExchg binding ruby
2014-08-28 01:30:22,244 - com.messaging.core.Dispatcher - INFO - RECEIVED : Payload [callName=DownloadMedia, msgType=Contract, isMedia=true, message=[88, 76, 83, 95, 50, 48, 49, 52, 48, 56, 50, 56, 95, 48, 49, 50, 51, 48, 48, 95, 46, 120, 108, 115], timeStamp=2014-08-28 01:30:20.041, toUser=ruby, fromUser=ruby, mediaFileName=XLS_20140828_012300_.xls]
2014-08-28 01:30:22,272 - com.messaging.processor.DownloadMediaProcessor - INFO - Reading in binary file named : media/contract\XLS_20140828_012300_.xls
2014-08-28 01:30:22,272 - com.messaging.processor.DownloadMediaProcessor - INFO - File size: 5632
2014-08-28 01:30:22,273 - com.messaging.processor.DataCompressionHelper - INFO - Before compression 5632
2014-08-28 01:30:22,274 - com.messaging.processor.DataCompressionHelper - INFO - After compression 889
2014-08-28 01:30:22,298 - com.messaging.processor.DownloadMediaProcessor - INFO - Sent media back on queue ruby and exchange chatExchg binding ruby
2014-08-28 01:30:35,556 - com.messaging.core.Dispatcher - INFO - RECEIVED : Payload [callName=GetConversationHistory, msgType=Text, isMedia=false, message=[], timeStamp=2014-08-28 01:30:33.299, toUser=Nitin, fromUser=ruby, mediaFileName=]
2014-08-28 01:30:35,556 - com.messaging.processor.GetConversationHistoryProcesor - INFO - Getting conversation history for users : ruby and Nitin
2014-08-28 01:30:35,556 - com.messaging.util.ConversationHistoryHelper - INFO - to : Nitin from : ruby
2014-08-28 01:30:35,556 - com.messaging.util.ConversationHistoryHelper - INFO - Returning conv history filename : nitinruby
2014-08-28 01:30:35,558 - com.messaging.util.ConversationHistoryHelper - INFO - returning history 82
2014-08-28 01:30:35,558 - com.messaging.processor.GetConversationHistoryProcesor - INFO - chat buff ruby:my first message &nitin:got it&ruby:second one&ruby:something fishy&nitin:i know&ruby:hello&nitin:something wrong &ruby:what's wrong &ruby:gcxhj&ruby:TXT_20140812_223639_.txt&ruby:TXT_20140812_224316_.txt&ruby:helllo&nitin:hosannaa&ruby:TXT_20140812_225056_.txt&ruby:hupppp&nitin:derrrr&ruby:TXT_20140812_225204_.txt&ruby:hey nitin &nitin:TXT_20140813_115744_.txt&ruby:TXT_20140813_115805_.txt&nitin:TXT_20140813_120353_.txt&nitin:TXT_20140813_145003_.txt&nitin:TXT_20140813_145026_.txt&ruby:TXT_20140813_145059_.txt&nitin:hi&nitin:gm&ruby:hey nitin &ruby:kafi time baad &ruby:cool&nitin:1.docx&ruby:hi nitin &nitin:1.docx&nitin:hi&ruby:hey&nitin:wait&ruby:wasup?&nitin:1.docx&nitin:hey&ruby:yea&ruby:say&nitin:wgst&ruby:hain!?&nitin:what&nitin:aah&nitin:chuck &ruby:hmm&nitin:see this &nitin:DOCX_20140827_114552_.docx&ruby:thank you &nitin:why&ruby:yoin&nitin:hnm&nitin:ok&ruby::-)&nitin::-*&ruby:let's see if it will work now&nitin:yeaa&nitin:hege&ruby:hey again&nitin:yea&ruby:fh&nitin:ttd&nitin:hi&ruby:hey&ruby:wah&nitin:XLS_20140828_010802_.xls&nitin:hi&ruby:Han ji&nitin:XLS_20140828_011827_.xls&ruby:hey again &ruby:hey again &nitin:hi&nitin:XLS_20140828_012300_.xls&ruby:hey&ruby:hey&nitin:hi&nitin:hi&ruby:bhejo excel sheet &ruby:bhejooooo&ruby:fast fast&nitin:hi&nitin:XLS_20140828_012300_.xls&
2014-08-28 01:30:35,605 - com.messaging.processor.GetConversationHistoryProcesor - INFO - Sent Chat back on queue ruby and exchange chatExchg binding ruby
2014-08-28 01:30:39,806 - com.messaging.core.Dispatcher - INFO - RECEIVED : Payload [callName=Chat, msgType=Text, isMedia=false, message=[104, 101, 108, 108, 111], timeStamp=2014-08-28 01:30:37.587, toUser=Nitin, fromUser=ruby, mediaFileName=]
2014-08-28 01:30:39,853 - com.messaging.processor.ChatMessageProcessor - INFO - Sent Chat back on queue nitin and exchange chatExchg binding nitin
2014-08-28 01:30:39,862 - com.messaging.util.ConversationHistoryHelper - INFO - to : Nitin from : ruby
2014-08-28 01:30:39,862 - com.messaging.util.ConversationHistoryHelper - INFO - Returning conv history filename : nitinruby
2014-08-28 01:30:42,254 - com.messaging.core.Dispatcher - INFO - RECEIVED : Payload [callName=DownloadMedia, msgType=Contract, isMedia=true, message=[88, 76, 83, 95, 50, 48, 49, 52, 48, 56, 50, 56, 95, 48, 49, 50, 51, 48, 48, 95, 46, 120, 108, 115], timeStamp=2014-08-28 01:30:40.034, toUser=ruby, fromUser=ruby, mediaFileName=XLS_20140828_012300_.xls]
2014-08-28 01:30:42,283 - com.messaging.processor.DownloadMediaProcessor - INFO - Reading in binary file named : media/contract\XLS_20140828_012300_.xls
2014-08-28 01:30:42,283 - com.messaging.processor.DownloadMediaProcessor - INFO - File size: 5632
2014-08-28 01:30:42,284 - com.messaging.processor.DataCompressionHelper - INFO - Before compression 5632
2014-08-28 01:30:42,285 - com.messaging.processor.DataCompressionHelper - INFO - After compression 889
2014-08-28 01:30:42,292 - com.messaging.processor.DownloadMediaProcessor - INFO - Sent media back on queue ruby and exchange chatExchg binding ruby
2014-08-28 01:31:03,299 - com.messaging.core.Dispatcher - INFO - RECEIVED : Payload [callName=GetConversationHistory, msgType=Text, isMedia=false, message=[], timeStamp=2014-08-28 01:31:00.796, toUser=Nitin, fromUser=ruby, mediaFileName=]
2014-08-28 01:31:03,299 - com.messaging.processor.GetConversationHistoryProcesor - INFO - Getting conversation history for users : ruby and Nitin
2014-08-28 01:31:03,299 - com.messaging.util.ConversationHistoryHelper - INFO - to : Nitin from : ruby
2014-08-28 01:31:03,299 - com.messaging.util.ConversationHistoryHelper - INFO - Returning conv history filename : nitinruby
2014-08-28 01:31:03,302 - com.messaging.util.ConversationHistoryHelper - INFO - returning history 83
2014-08-28 01:31:03,302 - com.messaging.processor.GetConversationHistoryProcesor - INFO - chat buff ruby:my first message &nitin:got it&ruby:second one&ruby:something fishy&nitin:i know&ruby:hello&nitin:something wrong &ruby:what's wrong &ruby:gcxhj&ruby:TXT_20140812_223639_.txt&ruby:TXT_20140812_224316_.txt&ruby:helllo&nitin:hosannaa&ruby:TXT_20140812_225056_.txt&ruby:hupppp&nitin:derrrr&ruby:TXT_20140812_225204_.txt&ruby:hey nitin &nitin:TXT_20140813_115744_.txt&ruby:TXT_20140813_115805_.txt&nitin:TXT_20140813_120353_.txt&nitin:TXT_20140813_145003_.txt&nitin:TXT_20140813_145026_.txt&ruby:TXT_20140813_145059_.txt&nitin:hi&nitin:gm&ruby:hey nitin &ruby:kafi time baad &ruby:cool&nitin:1.docx&ruby:hi nitin &nitin:1.docx&nitin:hi&ruby:hey&nitin:wait&ruby:wasup?&nitin:1.docx&nitin:hey&ruby:yea&ruby:say&nitin:wgst&ruby:hain!?&nitin:what&nitin:aah&nitin:chuck &ruby:hmm&nitin:see this &nitin:DOCX_20140827_114552_.docx&ruby:thank you &nitin:why&ruby:yoin&nitin:hnm&nitin:ok&ruby::-)&nitin::-*&ruby:let's see if it will work now&nitin:yeaa&nitin:hege&ruby:hey again&nitin:yea&ruby:fh&nitin:ttd&nitin:hi&ruby:hey&ruby:wah&nitin:XLS_20140828_010802_.xls&nitin:hi&ruby:Han ji&nitin:XLS_20140828_011827_.xls&ruby:hey again &ruby:hey again &nitin:hi&nitin:XLS_20140828_012300_.xls&ruby:hey&ruby:hey&nitin:hi&nitin:hi&ruby:bhejo excel sheet &ruby:bhejooooo&ruby:fast fast&nitin:hi&nitin:XLS_20140828_012300_.xls&ruby:hello&
2014-08-28 01:31:03,337 - com.messaging.processor.GetConversationHistoryProcesor - INFO - Sent Chat back on queue ruby and exchange chatExchg binding ruby
